<?xml version="1.0" encoding="UTF-8"?>
<!-- Generated by org.testng.reporters.JUnitReportReporter -->
<testsuite hostname="DESKTOP-GVELL70" failures="0" tests="1" name="com.dsalgo1.testCases.Registerpage_TC1" time="1.015" errors="0" timestamp="2022-07-08T00:33:12 CDT" skipped="0">
  <testcase classname="com.dsalgo1.testCases.Registerpage_TC1" name="RegisterpageTest" time="1.015"/>
  <system-out/>
</testsuite> <!-- com.dsalgo1.testCases.Registerpage_TC1 -->
