<?xml version="1.0" encoding="UTF-8"?>
<!-- Generated by org.testng.reporters.JUnitReportReporter -->
<testsuite hostname="DESKTOP-GVELL70" failures="0" tests="4" name="com.dsalgo1.testCases.Loginpage_TC1" time="1.893" errors="0" timestamp="2022-07-19T00:25:06 CDT" skipped="0">
  <testcase classname="com.dsalgo1.testCases.Loginpage_TC1" name="LoginpageTest" time="0.488"/>
  <system-out/>
  <testcase classname="com.dsalgo1.testCases.Loginpage_TC1" name="LoginpageTest" time="0.846"/>
  <system-out/>
  <testcase classname="com.dsalgo1.testCases.Loginpage_TC1" name="LoginpageTest" time="0.513"/>
  <system-out/>
  <testcase classname="com.dsalgo1.testCases.Loginpage_TC1" name="Loginvalidity" time="0.046"/>
  <system-out/>
</testsuite> <!-- com.dsalgo1.testCases.Loginpage_TC1 -->
