<?xml version="1.0" encoding="UTF-8"?>
<!-- Generated by org.testng.reporters.JUnitReportReporter -->
<testsuite hostname="DESKTOP-GVELL70" failures="0" tests="1" name="com.dsalgo1.testCases.Registerpage_TC1" time="0.357" errors="0" timestamp="2022-07-19T00:25:06 CDT" skipped="0">
  <testcase classname="com.dsalgo1.testCases.Registerpage_TC1" name="RegisterpageTest" time="0.357"/>
  <system-out/>
</testsuite> <!-- com.dsalgo1.testCases.Registerpage_TC1 -->
