<?xml version="1.0" encoding="UTF-8"?>
<!-- Generated by org.testng.reporters.JUnitReportReporter -->
<testsuite hostname="DESKTOP-GVELL70" failures="0" tests="1" name="com.dsalgo1.testCases.LinkedlistPage_TC1" time="11.086" errors="0" timestamp="2022-07-08T00:33:12 CDT" skipped="0">
  <testcase classname="com.dsalgo1.testCases.LinkedlistPage_TC1" name="LinkedlistPageTest" time="11.086"/>
  <system-out/>
</testsuite> <!-- com.dsalgo1.testCases.LinkedlistPage_TC1 -->
