<?xml version="1.0" encoding="UTF-8"?>
<!-- Generated by org.testng.reporters.JUnitReportReporter -->
<testsuite hostname="DESKTOP-GVELL70" failures="0" tests="4" name="com.dsalgo1.testCases.Loginpage_TC1" time="2.727" errors="0" timestamp="2022-07-08T00:33:12 CDT" skipped="0">
  <testcase classname="com.dsalgo1.testCases.Loginpage_TC1" name="LoginpageTest" time="0.697"/>
  <system-out/>
  <testcase classname="com.dsalgo1.testCases.Loginpage_TC1" name="LoginpageTest" time="1.137"/>
  <system-out/>
  <testcase classname="com.dsalgo1.testCases.Loginpage_TC1" name="LoginpageTest" time="0.787"/>
  <system-out/>
  <testcase classname="com.dsalgo1.testCases.Loginpage_TC1" name="Loginvalidity" time="0.106"/>
  <system-out/>
</testsuite> <!-- com.dsalgo1.testCases.Loginpage_TC1 -->
